Compiling test case stringop_overflow
gcc -D_GNU_SOURCE -D_LARGEFILE_SOURCE -D_FILE_OFFSET_BITS=64 -include config-host.h -Werror -Wstringop-overflow=0 -o /tmp/tmp.8FfGxUzjwE/liburing-conf.exe /tmp/tmp.8FfGxUzjwE/liburing-conf.c
Compiling test case array_bounds
gcc -D_GNU_SOURCE -D_LARGEFILE_SOURCE -D_FILE_OFFSET_BITS=64 -include config-host.h -Werror -Warray-bounds=0 -o /tmp/tmp.8FfGxUzjwE/liburing-conf.exe /tmp/tmp.8FfGxUzjwE/liburing-conf.c
Compiling test case __kernel_rwf_t
gcc -D_GNU_SOURCE -D_LARGEFILE_SOURCE -D_FILE_OFFSET_BITS=64 -include config-host.h -o /tmp/tmp.8FfGxUzjwE/liburing-conf.exe /tmp/tmp.8FfGxUzjwE/liburing-conf.c
Compiling test case __kernel_timespec
gcc -D_GNU_SOURCE -D_LARGEFILE_SOURCE -D_FILE_OFFSET_BITS=64 -include config-host.h -o /tmp/tmp.8FfGxUzjwE/liburing-conf.exe /tmp/tmp.8FfGxUzjwE/liburing-conf.c
Compiling test case open_how
gcc -D_GNU_SOURCE -D_LARGEFILE_SOURCE -D_FILE_OFFSET_BITS=64 -include config-host.h -o /tmp/tmp.8FfGxUzjwE/liburing-conf.exe /tmp/tmp.8FfGxUzjwE/liburing-conf.c
Compiling test case statx
gcc -D_GNU_SOURCE -D_LARGEFILE_SOURCE -D_FILE_OFFSET_BITS=64 -include config-host.h -o /tmp/tmp.8FfGxUzjwE/liburing-conf.exe /tmp/tmp.8FfGxUzjwE/liburing-conf.c
Compiling test case glibc_statx
gcc -D_GNU_SOURCE -D_LARGEFILE_SOURCE -D_FILE_OFFSET_BITS=64 -include config-host.h -o /tmp/tmp.8FfGxUzjwE/liburing-conf.exe /tmp/tmp.8FfGxUzjwE/liburing-conf.c
Compiling test case C++
g++ -D_GNU_SOURCE -D_LARGEFILE_SOURCE -D_FILE_OFFSET_BITS=64 -include config-host.h -o /tmp/tmp.8FfGxUzjwE/liburing-conf.exe /tmp/tmp.8FfGxUzjwE/liburing-conf-2.cpp
Compiling test case has_ucontext
gcc -D_GNU_SOURCE -D_LARGEFILE_SOURCE -D_FILE_OFFSET_BITS=64 -include config-host.h -o /tmp/tmp.8FfGxUzjwE/liburing-conf.exe /tmp/tmp.8FfGxUzjwE/liburing-conf.c
Compiling test case nvme uring cmd
gcc -D_GNU_SOURCE -D_LARGEFILE_SOURCE -D_FILE_OFFSET_BITS=64 -include config-host.h -o /tmp/tmp.8FfGxUzjwE/liburing-conf.exe /tmp/tmp.8FfGxUzjwE/liburing-conf.c
Compiling test case nolibc
gcc -D_GNU_SOURCE -D_LARGEFILE_SOURCE -D_FILE_OFFSET_BITS=64 -include config-host.h -o /tmp/tmp.8FfGxUzjwE/liburing-conf.exe /tmp/tmp.8FfGxUzjwE/liburing-conf.c
Compiling test case fanotify
gcc -D_GNU_SOURCE -D_LARGEFILE_SOURCE -D_FILE_OFFSET_BITS=64 -include config-host.h -o /tmp/tmp.8FfGxUzjwE/liburing-conf.exe /tmp/tmp.8FfGxUzjwE/liburing-conf.c
